<?xml version="1.0" encoding="UTF-8"?>
<!-- Generated by org.testng.reporters.JUnitReportReporter -->
<testsuite hostname="Chandan" failures="0" tests="4" name="api.test.UserTest" time="14.841" errors="0" timestamp="2025-02-16T11:31:20 IST" skipped="0">
  <testcase classname="api.test.UserTest" name="testPostUser" time="4.365"/>
  <testcase classname="api.test.UserTest" name="testGetUserByName" time="2.183"/>
  <testcase classname="api.test.UserTest" name="testUpdateUserByName" time="5.737"/>
  <testcase classname="api.test.UserTest" name="testDeleteUser" time="2.556"/>
</testsuite> <!-- api.test.UserTest -->
